
*** Running vivado
    with args -log Top_Module.vds -m64 -product Vivado -mode batch -messageDb vivado.pb -notrace -source Top_Module.tcl


****** Vivado v2018.2 (64-bit)
  **** SW Build 2258646 on Thu Jun 14 20:03:12 MDT 2018
  **** IP Build 2256618 on Thu Jun 14 22:10:49 MDT 2018
    ** Copyright 1986-2018 Xilinx, Inc. All Rights Reserved.

source Top_Module.tcl -notrace
Command: synth_design -top Top_Module -part xc7a35tcpg236-1
Starting synth_design
Attempting to get a license for feature 'Synthesis' and/or device 'xc7a35t'
INFO: [Common 17-349] Got license for feature 'Synthesis' and/or device 'xc7a35t'
INFO: Launching helper process for spawning children vivado processes
INFO: Helper process launched with PID 10296 
WARNING: [Synth 8-2611] redeclaration of ansi port Seg is not allowed [C:/Users/DELL/full_adder/full_adder.srcs/sources_1/new/Seven_Segment.v:9]
WARNING: [Synth 8-2611] redeclaration of ansi port an is not allowed [C:/Users/DELL/full_adder/full_adder.srcs/sources_1/new/Seven_Segment.v:10]
---------------------------------------------------------------------------------
Starting RTL Elaboration : Time (s): cpu = 00:00:03 ; elapsed = 00:00:03 . Memory (MB): peak = 447.176 ; gain = 108.184
---------------------------------------------------------------------------------
INFO: [Synth 8-6157] synthesizing module 'Top_Module' [C:/Users/DELL/full_adder/full_adder.srcs/sources_1/new/Top_Module.v:6]
INFO: [Synth 8-6157] synthesizing module 'Four_bit_Adder' [C:/Users/DELL/full_adder/full_adder.srcs/sources_1/new/Four_bit_Adder.v:6]
INFO: [Synth 8-6155] done synthesizing module 'Four_bit_Adder' (1#1) [C:/Users/DELL/full_adder/full_adder.srcs/sources_1/new/Four_bit_Adder.v:6]
INFO: [Synth 8-6157] synthesizing module 'Seven_Segment' [C:/Users/DELL/full_adder/full_adder.srcs/sources_1/new/Seven_Segment.v:3]
INFO: [Synth 8-226] default block is never used [C:/Users/DELL/full_adder/full_adder.srcs/sources_1/new/Seven_Segment.v:14]
WARNING: [Synth 8-3848] Net an in module/entity Seven_Segment does not have driver. [C:/Users/DELL/full_adder/full_adder.srcs/sources_1/new/Seven_Segment.v:6]
INFO: [Synth 8-6155] done synthesizing module 'Seven_Segment' (2#1) [C:/Users/DELL/full_adder/full_adder.srcs/sources_1/new/Seven_Segment.v:3]
CRITICAL WARNING: [Synth 8-3352] multi-driven net an[0] with 1st driver pin 'Top_Module:/U6/an[0]' [C:/Users/DELL/full_adder/full_adder.srcs/sources_1/new/Top_Module.v:6]
CRITICAL WARNING: [Synth 8-3352] multi-driven net an[0] with 2nd driver pin 'GND' [C:/Users/DELL/full_adder/full_adder.srcs/sources_1/new/Top_Module.v:6]
CRITICAL WARNING: [Synth 8-5559] multi-driven net an[0] is connected to constant driver, other driver is ignored [C:/Users/DELL/full_adder/full_adder.srcs/sources_1/new/Top_Module.v:6]
CRITICAL WARNING: [Synth 8-3352] multi-driven net an[1] with 1st driver pin 'Top_Module:/U6/an[1]' [C:/Users/DELL/full_adder/full_adder.srcs/sources_1/new/Top_Module.v:6]
CRITICAL WARNING: [Synth 8-3352] multi-driven net an[1] with 2nd driver pin 'VCC' [C:/Users/DELL/full_adder/full_adder.srcs/sources_1/new/Top_Module.v:6]
CRITICAL WARNING: [Synth 8-5559] multi-driven net an[1] is connected to constant driver, other driver is ignored [C:/Users/DELL/full_adder/full_adder.srcs/sources_1/new/Top_Module.v:6]
CRITICAL WARNING: [Synth 8-3352] multi-driven net an[2] with 1st driver pin 'Top_Module:/U6/an[2]' [C:/Users/DELL/full_adder/full_adder.srcs/sources_1/new/Top_Module.v:6]
CRITICAL WARNING: [Synth 8-3352] multi-driven net an[2] with 2nd driver pin 'VCC' [C:/Users/DELL/full_adder/full_adder.srcs/sources_1/new/Top_Module.v:6]
CRITICAL WARNING: [Synth 8-5559] multi-driven net an[2] is connected to constant driver, other driver is ignored [C:/Users/DELL/full_adder/full_adder.srcs/sources_1/new/Top_Module.v:6]
CRITICAL WARNING: [Synth 8-3352] multi-driven net an[3] with 1st driver pin 'Top_Module:/U6/an[3]' [C:/Users/DELL/full_adder/full_adder.srcs/sources_1/new/Top_Module.v:6]
CRITICAL WARNING: [Synth 8-3352] multi-driven net an[3] with 2nd driver pin 'VCC' [C:/Users/DELL/full_adder/full_adder.srcs/sources_1/new/Top_Module.v:6]
CRITICAL WARNING: [Synth 8-5559] multi-driven net an[3] is connected to constant driver, other driver is ignored [C:/Users/DELL/full_adder/full_adder.srcs/sources_1/new/Top_Module.v:6]
INFO: [Synth 8-6155] done synthesizing module 'Top_Module' (3#1) [C:/Users/DELL/full_adder/full_adder.srcs/sources_1/new/Top_Module.v:6]
WARNING: [Synth 8-3917] design Top_Module has port an[3] driven by constant 1
WARNING: [Synth 8-3917] design Top_Module has port an[2] driven by constant 1
WARNING: [Synth 8-3917] design Top_Module has port an[1] driven by constant 1
WARNING: [Synth 8-3917] design Top_Module has port an[0] driven by constant 0
WARNING: [Synth 8-3331] design Seven_Segment has unconnected port an[3]
WARNING: [Synth 8-3331] design Seven_Segment has unconnected port an[2]
WARNING: [Synth 8-3331] design Seven_Segment has unconnected port an[1]
WARNING: [Synth 8-3331] design Seven_Segment has unconnected port an[0]
---------------------------------------------------------------------------------
Finished RTL Elaboration : Time (s): cpu = 00:00:04 ; elapsed = 00:00:04 . Memory (MB): peak = 480.055 ; gain = 141.062
---------------------------------------------------------------------------------

Report Check Netlist: 
+------+------------------+-------+---------+-------+------------------+
|      |Item              |Errors |Warnings |Status |Description       |
+------+------------------+-------+---------+-------+------------------+
|1     |multi_driven_nets |      0|        0|Passed |Multi driven nets |
+------+------------------+-------+---------+-------+------------------+
---------------------------------------------------------------------------------
Start Handling Custom Attributes
---------------------------------------------------------------------------------
---------------------------------------------------------------------------------
Finished Handling Custom Attributes : Time (s): cpu = 00:00:04 ; elapsed = 00:00:05 . Memory (MB): peak = 480.055 ; gain = 141.062
---------------------------------------------------------------------------------
---------------------------------------------------------------------------------
Finished RTL Optimization Phase 1 : Time (s): cpu = 00:00:04 ; elapsed = 00:00:05 . Memory (MB): peak = 480.055 ; gain = 141.062
---------------------------------------------------------------------------------
INFO: [Device 21-403] Loading part xc7a35tcpg236-1
INFO: [Project 1-570] Preparing netlist for logic optimization

Processing XDC Constraints
Initializing timing engine
Parsing XDC File [E:/NUST Semester Docs/Summer 2023/Murabbi internship/digilent-xdc-master/Basys-3-Master.xdc]
Finished Parsing XDC File [E:/NUST Semester Docs/Summer 2023/Murabbi internship/digilent-xdc-master/Basys-3-Master.xdc]
INFO: [Project 1-236] Implementation specific constraints were found while reading constraint file [E:/NUST Semester Docs/Summer 2023/Murabbi internship/digilent-xdc-master/Basys-3-Master.xdc]. These constraints will be ignored for synthesis but will be used in implementation. Impacted constraints are listed in the file [.Xil/Top_Module_propImpl.xdc].
Resolution: To avoid this warning, move constraints listed in [.Xil/Top_Module_propImpl.xdc] to another XDC file and exclude this new file from synthesis with the used_in_synthesis property (File Properties dialog in GUI) and re-run elaboration/synthesis.
Completed Processing XDC Constraints

INFO: [Project 1-111] Unisim Transformation Summary:
No Unisim elements were transformed.

Constraint Validation Runtime : Time (s): cpu = 00:00:00 ; elapsed = 00:00:00.003 . Memory (MB): peak = 765.641 ; gain = 0.000
---------------------------------------------------------------------------------
Finished Constraint Validation : Time (s): cpu = 00:00:15 ; elapsed = 00:00:17 . Memory (MB): peak = 765.641 ; gain = 426.648
---------------------------------------------------------------------------------
---------------------------------------------------------------------------------
Start Loading Part and Timing Information
---------------------------------------------------------------------------------
Loading part: xc7a35tcpg236-1
---------------------------------------------------------------------------------
Finished Loading Part and Timing Information : Time (s): cpu = 00:00:15 ; elapsed = 00:00:17 . Memory (MB): peak = 765.641 ; gain = 426.648
---------------------------------------------------------------------------------
---------------------------------------------------------------------------------
Start Applying 'set_property' XDC Constraints
---------------------------------------------------------------------------------
---------------------------------------------------------------------------------
Finished applying 'set_property' XDC Constraints : Time (s): cpu = 00:00:15 ; elapsed = 00:00:17 . Memory (MB): peak = 765.641 ; gain = 426.648
---------------------------------------------------------------------------------
---------------------------------------------------------------------------------
Finished RTL Optimization Phase 2 : Time (s): cpu = 00:00:15 ; elapsed = 00:00:17 . Memory (MB): peak = 765.641 ; gain = 426.648
---------------------------------------------------------------------------------

Report RTL Partitions: 
+-+--------------+------------+----------+
| |RTL Partition |Replication |Instances |
+-+--------------+------------+----------+
+-+--------------+------------+----------+
---------------------------------------------------------------------------------
Start RTL Component Statistics 
---------------------------------------------------------------------------------
Detailed RTL Component Info : 
+---Adders : 
	   2 Input      4 Bit       Adders := 1     
---------------------------------------------------------------------------------
Finished RTL Component Statistics 
---------------------------------------------------------------------------------
---------------------------------------------------------------------------------
Start RTL Hierarchical Component Statistics 
---------------------------------------------------------------------------------
Hierarchical RTL Component report 
Module Four_bit_Adder 
Detailed RTL Component Info : 
+---Adders : 
	   2 Input      4 Bit       Adders := 1     
---------------------------------------------------------------------------------
Finished RTL Hierarchical Component Statistics
---------------------------------------------------------------------------------
---------------------------------------------------------------------------------
Start Part Resource Summary
---------------------------------------------------------------------------------
Part Resources:
DSPs: 90 (col length:60)
BRAMs: 100 (col length: RAMB18 60 RAMB36 30)
---------------------------------------------------------------------------------
Finished Part Resource Summary
---------------------------------------------------------------------------------
---------------------------------------------------------------------------------
Start Cross Boundary and Area Optimization
---------------------------------------------------------------------------------
Warning: Parallel synthesis criteria is not met 
WARNING: [Synth 8-3917] design Top_Module has port an[3] driven by constant 1
WARNING: [Synth 8-3917] design Top_Module has port an[2] driven by constant 1
WARNING: [Synth 8-3917] design Top_Module has port an[1] driven by constant 1
WARNING: [Synth 8-3917] design Top_Module has port an[0] driven by constant 0
---------------------------------------------------------------------------------
Finished Cross Boundary and Area Optimization : Time (s): cpu = 00:00:16 ; elapsed = 00:00:18 . Memory (MB): peak = 765.641 ; gain = 426.648
---------------------------------------------------------------------------------

Report RTL Partitions: 
+-+--------------+------------+----------+
| |RTL Partition |Replication |Instances |
+-+--------------+------------+----------+
+-+--------------+------------+----------+
---------------------------------------------------------------------------------
Start Applying XDC Timing Constraints
---------------------------------------------------------------------------------
---------------------------------------------------------------------------------
Finished Applying XDC Timing Constraints : Time (s): cpu = 00:00:27 ; elapsed = 00:00:30 . Memory (MB): peak = 813.277 ; gain = 474.285
---------------------------------------------------------------------------------
---------------------------------------------------------------------------------
Start Timing Optimization
---------------------------------------------------------------------------------
---------------------------------------------------------------------------------
Finished Timing Optimization : Time (s): cpu = 00:00:27 ; elapsed = 00:00:30 . Memory (MB): peak = 813.277 ; gain = 474.285
---------------------------------------------------------------------------------

Report RTL Partitions: 
+-+--------------+------------+----------+
| |RTL Partition |Replication |Instances |
+-+--------------+------------+----------+
+-+--------------+------------+----------+
---------------------------------------------------------------------------------
Start Technology Mapping
---------------------------------------------------------------------------------
---------------------------------------------------------------------------------
Finished Technology Mapping : Time (s): cpu = 00:00:27 ; elapsed = 00:00:30 . Memory (MB): peak = 814.738 ; gain = 475.746
---------------------------------------------------------------------------------

Report RTL Partitions: 
+-+--------------+------------+----------+
| |RTL Partition |Replication |Instances |
+-+--------------+------------+----------+
+-+--------------+------------+----------+
---------------------------------------------------------------------------------
Start IO Insertion
---------------------------------------------------------------------------------
---------------------------------------------------------------------------------
Start Flattening Before IO Insertion
---------------------------------------------------------------------------------
---------------------------------------------------------------------------------
Finished Flattening Before IO Insertion
---------------------------------------------------------------------------------
---------------------------------------------------------------------------------
Start Final Netlist Cleanup
---------------------------------------------------------------------------------
---------------------------------------------------------------------------------
Finished Final Netlist Cleanup
---------------------------------------------------------------------------------
---------------------------------------------------------------------------------
Finished IO Insertion : Time (s): cpu = 00:00:28 ; elapsed = 00:00:32 . Memory (MB): peak = 815.867 ; gain = 476.875
---------------------------------------------------------------------------------

Report Check Netlist: 
+------+------------------+-------+---------+-------+------------------+
|      |Item              |Errors |Warnings |Status |Description       |
+------+------------------+-------+---------+-------+------------------+
|1     |multi_driven_nets |      0|        0|Passed |Multi driven nets |
+------+------------------+-------+---------+-------+------------------+
---------------------------------------------------------------------------------
Start Renaming Generated Instances
---------------------------------------------------------------------------------
---------------------------------------------------------------------------------
Finished Renaming Generated Instances : Time (s): cpu = 00:00:28 ; elapsed = 00:00:32 . Memory (MB): peak = 815.867 ; gain = 476.875
---------------------------------------------------------------------------------

Report RTL Partitions: 
+-+--------------+------------+----------+
| |RTL Partition |Replication |Instances |
+-+--------------+------------+----------+
+-+--------------+------------+----------+
---------------------------------------------------------------------------------
Start Rebuilding User Hierarchy
---------------------------------------------------------------------------------
---------------------------------------------------------------------------------
Finished Rebuilding User Hierarchy : Time (s): cpu = 00:00:28 ; elapsed = 00:00:32 . Memory (MB): peak = 815.867 ; gain = 476.875
---------------------------------------------------------------------------------
---------------------------------------------------------------------------------
Start Renaming Generated Ports
---------------------------------------------------------------------------------
---------------------------------------------------------------------------------
Finished Renaming Generated Ports : Time (s): cpu = 00:00:28 ; elapsed = 00:00:32 . Memory (MB): peak = 815.867 ; gain = 476.875
---------------------------------------------------------------------------------
---------------------------------------------------------------------------------
Start Handling Custom Attributes
---------------------------------------------------------------------------------
---------------------------------------------------------------------------------
Finished Handling Custom Attributes : Time (s): cpu = 00:00:28 ; elapsed = 00:00:32 . Memory (MB): peak = 815.867 ; gain = 476.875
---------------------------------------------------------------------------------
---------------------------------------------------------------------------------
Start Renaming Generated Nets
---------------------------------------------------------------------------------
---------------------------------------------------------------------------------
Finished Renaming Generated Nets : Time (s): cpu = 00:00:28 ; elapsed = 00:00:32 . Memory (MB): peak = 815.867 ; gain = 476.875
---------------------------------------------------------------------------------
---------------------------------------------------------------------------------
Start Writing Synthesis Report
---------------------------------------------------------------------------------

Report BlackBoxes: 
+-+--------------+----------+
| |BlackBox name |Instances |
+-+--------------+----------+
+-+--------------+----------+

Report Cell Usage: 
+------+-----+------+
|      |Cell |Count |
+------+-----+------+
|1     |LUT2 |     1|
|2     |LUT4 |     2|
|3     |LUT5 |     2|
|4     |LUT6 |     9|
|5     |IBUF |     8|
|6     |OBUF |    13|
+------+-----+------+

Report Instance Areas: 
+------+---------+-------+------+
|      |Instance |Module |Cells |
+------+---------+-------+------+
|1     |top      |       |    35|
+------+---------+-------+------+
---------------------------------------------------------------------------------
Finished Writing Synthesis Report : Time (s): cpu = 00:00:28 ; elapsed = 00:00:32 . Memory (MB): peak = 815.867 ; gain = 476.875
---------------------------------------------------------------------------------
Synthesis finished with 0 errors, 0 critical warnings and 4 warnings.
Synthesis Optimization Runtime : Time (s): cpu = 00:00:16 ; elapsed = 00:00:23 . Memory (MB): peak = 815.918 ; gain = 191.340
Synthesis Optimization Complete : Time (s): cpu = 00:00:28 ; elapsed = 00:00:32 . Memory (MB): peak = 815.918 ; gain = 476.926
INFO: [Project 1-571] Translating synthesized netlist
INFO: [Netlist 29-17] Analyzing 8 Unisim elements for replacement
INFO: [Netlist 29-28] Unisim Transformation completed in 1 CPU seconds
INFO: [Project 1-570] Preparing netlist for logic optimization
INFO: [Opt 31-138] Pushed 0 inverter(s) to 0 load pin(s).
INFO: [Project 1-111] Unisim Transformation Summary:
No Unisim elements were transformed.

INFO: [Common 17-83] Releasing license: Synthesis
19 Infos, 15 Warnings, 12 Critical Warnings and 0 Errors encountered.
synth_design completed successfully
synth_design: Time (s): cpu = 00:00:30 ; elapsed = 00:00:35 . Memory (MB): peak = 833.629 ; gain = 506.781
WARNING: [Constraints 18-5210] No constraint will be written out.
INFO: [Common 17-1381] The checkpoint 'C:/Users/DELL/full_adder/full_adder.runs/synth_1/Top_Module.dcp' has been generated.
INFO: [runtcl-4] Executing : report_utilization -file Top_Module_utilization_synth.rpt -pb Top_Module_utilization_synth.pb
report_utilization: Time (s): cpu = 00:00:00 ; elapsed = 00:00:00.032 . Memory (MB): peak = 833.629 ; gain = 0.000
INFO: [Common 17-206] Exiting Vivado at Tue Jul  4 12:14:53 2023...
