#-----------------------------------------------------------
# Vivado v2018.2 (64-bit)
# SW Build 2258646 on Thu Jun 14 20:03:12 MDT 2018
# IP Build 2256618 on Thu Jun 14 22:10:49 MDT 2018
# Start of session at: Fri Jul 21 15:16:38 2023
# Process ID: 19712
# Current directory: C:/Users/DELL/Documents/Vivado projects/Lab1819_NestedSubroutine
# Command line: vivado.exe -gui_launcher_event rodinguilauncherevent20172 C:\Users\DELL\Documents\Vivado projects\Lab1819_NestedSubroutine\Lab1819_NestedSubroutine.xpr
# Log file: C:/Users/DELL/Documents/Vivado projects/Lab1819_NestedSubroutine/vivado.log
# Journal file: C:/Users/DELL/Documents/Vivado projects/Lab1819_NestedSubroutine\vivado.jou
#-----------------------------------------------------------
start_gui
open_project {C:/Users/DELL/Documents/Vivado projects/Lab1819_NestedSubroutine/Lab1819_NestedSubroutine.xpr}
Scanning sources...
Finished scanning sources
INFO: [IP_Flow 19-234] Refreshing IP repositories
INFO: [IP_Flow 19-1704] No user IP repositories specified
INFO: [IP_Flow 19-2313] Loaded Vivado IP repository 'D:/Softwares/Vivado/2018.2/data/ip'.
open_project: Time (s): cpu = 00:00:18 ; elapsed = 00:00:23 . Memory (MB): peak = 789.480 ; gain = 138.715
update_compile_order -fileset sources_1
exit
INFO: [Common 17-206] Exiting Vivado at Fri Jul 21 20:57:01 2023...
