Copyright 1986-2018 Xilinx, Inc. All Rights Reserved.
------------------------------------------------------------------------------------
| Tool Version : Vivado v.2018.2 (win64) Build 2258646 Thu Jun 14 20:03:12 MDT 2018
| Date         : Thu Jul  6 17:09:17 2023
| Host         : DESKTOP-IKFSEOA running 64-bit major release  (build 9200)
| Command      : report_control_sets -verbose -file PISO_control_sets_placed.rpt
| Design       : PISO
| Device       : xc7a50ti
------------------------------------------------------------------------------------

Control Set Information

Table of Contents
-----------------
1. Summary
2. Histogram
3. Flip-Flop Distribution
4. Detailed Control Set Information

1. Summary
----------

+----------------------------------------------------------+-------+
|                          Status                          | Count |
+----------------------------------------------------------+-------+
| Number of unique control sets                            |     4 |
| Unused register locations in slices containing registers |    12 |
+----------------------------------------------------------+-------+


2. Histogram
------------

+--------+--------------+
| Fanout | Control Sets |
+--------+--------------+
|      2 |            2 |
|    16+ |            2 |
+--------+--------------+


3. Flip-Flop Distribution
-------------------------

+--------------+-----------------------+------------------------+-----------------+--------------+
| Clock Enable | Synchronous Set/Reset | Asynchronous Set/Reset | Total Registers | Total Slices |
+--------------+-----------------------+------------------------+-----------------+--------------+
| No           | No                    | No                     |               2 |            1 |
| No           | No                    | Yes                    |               0 |            0 |
| No           | Yes                   | No                     |              56 |            7 |
| Yes          | No                    | No                     |              16 |            1 |
| Yes          | No                    | Yes                    |               0 |            0 |
| Yes          | Yes                   | No                     |               2 |            1 |
+--------------+-----------------------+------------------------+-----------------+--------------+


4. Detailed Control Set Information
-----------------------------------

+----------------+--------------------+-----------------------+------------------+----------------+
|  Clock Signal  |    Enable Signal   |    Set/Reset Signal   | Slice Load Count | Bel Load Count |
+----------------+--------------------+-----------------------+------------------+----------------+
|  c1/CLK        | serial_out_i_2_n_0 | serial_out_i_1_n_0    |                1 |              2 |
|  clk_IBUF_BUFG |                    |                       |                1 |              2 |
|  c1/CLK        | clear_IBUF         |                       |                1 |             16 |
|  clk_IBUF_BUFG |                    | c1/counter[0]_i_1_n_0 |                7 |             56 |
+----------------+--------------------+-----------------------+------------------+----------------+


