#-----------------------------------------------------------
# Vivado v2018.2 (64-bit)
# SW Build 2258646 on Thu Jun 14 20:03:12 MDT 2018
# IP Build 2256618 on Thu Jun 14 22:10:49 MDT 2018
# Start of session at: Mon Jul 17 11:56:48 2023
# Process ID: 2208
# Current directory: C:/Users/DELL/Documents/Vivado projects/lab12_16BitMultiplier
# Command line: vivado.exe -gui_launcher_event rodinguilauncherevent19264 C:\Users\DELL\Documents\Vivado projects\lab12_16BitMultiplier\lab12_16BitMultiplier.xpr
# Log file: C:/Users/DELL/Documents/Vivado projects/lab12_16BitMultiplier/vivado.log
# Journal file: C:/Users/DELL/Documents/Vivado projects/lab12_16BitMultiplier\vivado.jou
#-----------------------------------------------------------
start_gui
open_project {C:/Users/DELL/Documents/Vivado projects/lab12_16BitMultiplier/lab12_16BitMultiplier.xpr}
Scanning sources...
Finished scanning sources
INFO: [IP_Flow 19-234] Refreshing IP repositories
INFO: [IP_Flow 19-1704] No user IP repositories specified
INFO: [IP_Flow 19-2313] Loaded Vivado IP repository 'D:/Softwares/Vivado/2018.2/data/ip'.
open_project: Time (s): cpu = 00:00:16 ; elapsed = 00:00:09 . Memory (MB): peak = 861.672 ; gain = 135.316
update_compile_order -fileset sources_1
exit
INFO: [Common 17-206] Exiting Vivado at Mon Jul 17 12:00:16 2023...
